
> alpine-club-bookings-nz@0.11.0 lint
> eslint


C:\Users\jorda\Local_Repos\wt1926\e4-pricing\e2e\helpers\stay-dates.ts
  87:15  warning  'tuesday' is assigned a value but never used  @typescript-eslint/no-unused-vars

C:\Users\jorda\Local_Repos\wt1926\e4-pricing\src\app\(admin)\admin\age-tier-settings\page.tsx
  20:3  warning  'Select' is defined but never used         @typescript-eslint/no-unused-vars
  21:3  warning  'SelectContent' is defined but never used  @typescript-eslint/no-unused-vars
  22:3  warning  'SelectItem' is defined but never used     @typescript-eslint/no-unused-vars
  23:3  warning  'SelectTrigger' is defined but never used  @typescript-eslint/no-unused-vars
  24:3  warning  'SelectValue' is defined but never used    @typescript-eslint/no-unused-vars

C:\Users\jorda\Local_Repos\wt1926\e4-pricing\src\app\(admin)\admin\display\preview\preview-page.test.tsx
  27:36  warning  '_url' is defined but never used   @typescript-eslint/no-unused-vars
  27:50  warning  '_init' is defined but never used  @typescript-eslint/no-unused-vars
  71:36  warning  '_url' is defined but never used   @typescript-eslint/no-unused-vars
  71:50  warning  '_init' is defined but never used  @typescript-eslint/no-unused-vars

C:\Users\jorda\Local_Repos\wt1926\e4-pricing\src\app\(admin)\admin\members\_types.ts
  9:15  warning  'AppAccessRole' is defined but never used  @typescript-eslint/no-unused-vars

C:\Users\jorda\Local_Repos\wt1926\e4-pricing\src\lib\__tests__\xero-member-grouping.test.ts
  1:32  warning  'vi' is defined but never used          @typescript-eslint/no-unused-vars
  1:36  warning  'beforeEach' is defined but never used  @typescript-eslint/no-unused-vars

C:\Users\jorda\Local_Repos\wt1926\e4-pricing\src\lib\admin-member-detail-service.ts
  73:8  warning  'AccessRoleDefinitionRecord' is defined but never used  @typescript-eslint/no-unused-vars

C:\Users\jorda\Local_Repos\wt1926\e4-pricing\src\lib\admin-members-service.ts
  51:8  warning  'AppAccessRole' is defined but never used  @typescript-eslint/no-unused-vars

C:\Users\jorda\Local_Repos\wt1926\e4-pricing\src\lib\email\__tests__\admin-alerts-membership.test.ts
  11:6  warning  '_data' is defined but never used  @typescript-eslint/no-unused-vars

C:\Users\jorda\Local_Repos\wt1926\e4-pricing\src\lib\finance-monthly-balance.ts
  76:3  warning  'input' is defined but never used  @typescript-eslint/no-unused-vars

C:\Users\jorda\Local_Repos\wt1926\e4-pricing\src\lib\general-cron-runner.ts
  13:7  warning  'GENERAL_CRON_JOB_NAMES' is assigned a value but only used as a type  @typescript-eslint/no-unused-vars

C:\Users\jorda\Local_Repos\wt1926\e4-pricing\src\lib\member-address.ts
  29:7  warning  'MEMBER_ADDRESS_FIELDS' is assigned a value but only used as a type  @typescript-eslint/no-unused-vars

✖ 19 problems (0 errors, 19 warnings)


> alpine-club-bookings-nz@0.11.0 db:generate
> prisma generate

Loaded Prisma config from prisma.config.ts.

Prisma schema loaded from prisma\schema.prisma.

✔ Generated Prisma Client (v7.8.0) to .\node_modules\@prisma\client in 1.17s

Start by importing your Prisma Client (See: https://pris.ly/d/importing-client)



> alpine-club-bookings-nz@0.11.0 typecheck
> next typegen && tsc --noEmit -p tsconfig.json && tsc --noEmit -p tsconfig.test.json

Generating route types...
✓ Types generated successfully
