npm warn ERESOLVE overriding peer dependency
npm warn While resolving: eslint-plugin-import@2.32.0
npm warn Found: eslint@10.7.0
npm warn node_modules/eslint
npm warn   dev eslint@"^10.7.0" from the root project
npm warn   10 more (@eslint-community/eslint-utils, @eslint/compat, ...)
npm warn
npm warn Could not resolve dependency:
npm warn peer eslint@"^2 || ^3 || ^4 || ^5 || ^6 || ^7.2.0 || ^8 || ^9" from eslint-plugin-import@2.32.0
npm warn node_modules/eslint-config-next/node_modules/eslint-plugin-import
npm warn   eslint-plugin-import@"^2.32.0" from eslint-config-next@16.2.10
npm warn   node_modules/eslint-config-next
npm warn   1 more (eslint-import-resolver-typescript)
npm warn
npm warn Conflicting peer dependency: eslint@9.39.5
npm warn node_modules/eslint
npm warn   peer eslint@"^2 || ^3 || ^4 || ^5 || ^6 || ^7.2.0 || ^8 || ^9" from eslint-plugin-import@2.32.0
npm warn   node_modules/eslint-config-next/node_modules/eslint-plugin-import
npm warn     eslint-plugin-import@"^2.32.0" from eslint-config-next@16.2.10
npm warn     node_modules/eslint-config-next
npm warn     1 more (eslint-import-resolver-typescript)
npm warn ERESOLVE overriding peer dependency
npm warn While resolving: eslint-plugin-jsx-a11y@6.10.2
npm warn Found: eslint@10.7.0
npm warn node_modules/eslint
npm warn   dev eslint@"^10.7.0" from the root project
npm warn   10 more (@eslint-community/eslint-utils, @eslint/compat, ...)
npm warn
npm warn Could not resolve dependency:
npm warn peer eslint@"^3 || ^4 || ^5 || ^6 || ^7 || ^8 || ^9" from eslint-plugin-jsx-a11y@6.10.2
npm warn node_modules/eslint-config-next/node_modules/eslint-plugin-jsx-a11y
npm warn   eslint-plugin-jsx-a11y@"^6.10.0" from eslint-config-next@16.2.10
npm warn   node_modules/eslint-config-next
npm warn
npm warn Conflicting peer dependency: eslint@9.39.5
npm warn node_modules/eslint
npm warn   peer eslint@"^3 || ^4 || ^5 || ^6 || ^7 || ^8 || ^9" from eslint-plugin-jsx-a11y@6.10.2
npm warn   node_modules/eslint-config-next/node_modules/eslint-plugin-jsx-a11y
npm warn     eslint-plugin-jsx-a11y@"^6.10.0" from eslint-config-next@16.2.10
npm warn     node_modules/eslint-config-next
npm warn ERESOLVE overriding peer dependency
npm warn While resolving: eslint-plugin-react@7.37.5
npm warn Found: eslint@10.7.0
npm warn node_modules/eslint
npm warn   dev eslint@"^10.7.0" from the root project
npm warn   10 more (@eslint-community/eslint-utils, @eslint/compat, ...)
npm warn
npm warn Could not resolve dependency:
npm warn peer eslint@"^3 || ^4 || ^5 || ^6 || ^7 || ^8 || ^9.7" from eslint-plugin-react@7.37.5
npm warn node_modules/eslint-config-next/node_modules/eslint-plugin-react
npm warn   eslint-plugin-react@"^7.37.0" from eslint-config-next@16.2.10
npm warn   node_modules/eslint-config-next
npm warn
npm warn Conflicting peer dependency: eslint@9.39.5
npm warn node_modules/eslint
npm warn   peer eslint@"^3 || ^4 || ^5 || ^6 || ^7 || ^8 || ^9.7" from eslint-plugin-react@7.37.5
npm warn   node_modules/eslint-config-next/node_modules/eslint-plugin-react
npm warn     eslint-plugin-react@"^7.37.0" from eslint-config-next@16.2.10
npm warn     node_modules/eslint-config-next
npm warn EBADENGINE Unsupported engine {
npm warn EBADENGINE   package: 'alpine-club-bookings-nz@0.11.0',
npm warn EBADENGINE   required: { node: '>=24.0.0 <25', npm: '>=11' },
npm warn EBADENGINE   current: { node: 'v22.14.0', npm: '11.16.0' }
npm warn EBADENGINE }

added 846 packages in 1m
npm warn allow-scripts 7 packages have install scripts not yet covered by allowScripts:
npm warn allow-scripts   @prisma/engines@7.8.0 (postinstall: node scripts/postinstall.js)
npm warn allow-scripts   @sentry/cli@2.58.6 (postinstall: node ./scripts/install.js)
npm warn allow-scripts   core-js@3.49.0 (postinstall: node -e "try{require('./postinstall')}catch(e){}")
npm warn allow-scripts   esbuild@0.28.1 (postinstall: node install.js)
npm warn allow-scripts   prisma@7.8.0 (preinstall: node scripts/preinstall-entry.js)
npm warn allow-scripts   sharp@0.34.5 (install: node install/check.js || npm run build)
npm warn allow-scripts   unrs-resolver@1.12.2 (postinstall: node postinstall.js)
npm warn allow-scripts
npm warn allow-scripts Run `npm approve-scripts --allow-scripts-pending` to review, or `npm approve-scripts <pkg>` to allow.
